# JRE version: OpenJDK Runtime Environment (15.0.2+10) (build 15.0.2+10)
# Java VM: OpenJDK 64-Bit Server VM (15.0.2+10, mixed mode, sharing, tiered, compressed oops, g1 gc, windows-amd64)
GC Precious Log:
 CPUs: 16 total, 16 available
 Memory: 15613M
 Large Page Support: Disabled
 NUMA Support: Disabled
 Compressed Oops: Enabled (Zero based)
 Heap Region Size: 2M
 Heap Min Capacity: 8M
 Heap Initial Capacity: 244M
 Heap Max Capacity: 3904M
 Pre-touch: Disabled
 Parallel Workers: 13
 Concurrent Workers: 3
 Concurrent Refinement Workers: 13
 Periodic GC: Disabled
Heap:
 garbage-first heap   total 182272K, used 118347K [0x000000070c000000, 0x0000000800000000)
  region size 2048K, 11 young (22528K), 3 survivors (6144K)
 Metaspace       used 42747K, capacity 43083K, committed 43648K, reserved 1087488K
  class space    used 5578K, capacity 5687K, committed 5760K, reserved 1048576K
GC Heap History (20 events):
Event: 17.979 GC heap before
{Heap before GC invocations=7 (full 0):
 garbage-first heap   total 102400K, used 51800K [0x000000070c000000, 0x0000000800000000)
  region size 2048K, 9 young (18432K), 3 survivors (6144K)
 Metaspace       used 34804K, capacity 35020K, committed 35584K, reserved 1081344K
  class space    used 4416K, capacity 4495K, committed 4608K, reserved 1048576K
}
Event: 17.986 GC heap after
{Heap after GC invocations=8 (full 0):
 garbage-first heap   total 102400K, used 44282K [0x000000070c000000, 0x0000000800000000)
  region size 2048K, 2 young (4096K), 2 survivors (4096K)
 Metaspace       used 34804K, capacity 35020K, committed 35584K, reserved 1081344K
  class space    used 4416K, capacity 4495K, committed 4608K, reserved 1048576K
}
Event: 19.416 GC heap before
{Heap before GC invocations=9 (full 0):
 garbage-first heap   total 102400K, used 68858K [0x000000070c000000, 0x0000000800000000)
  region size 2048K, 14 young (28672K), 2 survivors (4096K)
 Metaspace       used 38043K, capacity 38340K, committed 39040K, reserved 1083392K
  class space    used 4850K, capacity 4918K, committed 4992K, reserved 1048576K
}
Event: 19.422 GC heap after
{Heap after GC invocations=10 (full 0):
 garbage-first heap   total 102400K, used 51600K [0x000000070c000000, 0x0000000800000000)
  region size 2048K, 2 young (4096K), 2 survivors (4096K)
 Metaspace       used 38043K, capacity 38340K, committed 39040K, reserved 1083392K
  class space    used 4850K, capacity 4918K, committed 4992K, reserved 1048576K
}
Event: 19.936 GC heap before
{Heap before GC invocations=10 (full 0):
 garbage-first heap   total 102400K, used 63888K [0x000000070c000000, 0x0000000800000000)
  region size 2048K, 9 young (18432K), 2 survivors (4096K)
 Metaspace       used 38493K, capacity 38820K, committed 39424K, reserved 1083392K
  class space    used 4975K, capacity 5078K, committed 5120K, reserved 1048576K
}
Event: 19.939 GC heap after
{Heap after GC invocations=11 (full 0):
 garbage-first heap   total 102400K, used 56166K [0x000000070c000000, 0x0000000800000000)
  region size 2048K, 2 young (4096K), 2 survivors (4096K)
 Metaspace       used 38493K, capacity 38820K, committed 39424K, reserved 1083392K
  class space    used 4975K, capacity 5078K, committed 5120K, reserved 1048576K
}
Event: 20.243 GC heap before
{Heap before GC invocations=12 (full 0):
 garbage-first heap   total 122880K, used 82790K [0x000000070c000000, 0x0000000800000000)
  region size 2048K, 11 young (22528K), 2 survivors (4096K)
 Metaspace       used 38827K, capacity 39108K, committed 39808K, reserved 1083392K
  class space    used 5058K, capacity 5174K, committed 5248K, reserved 1048576K
}
Event: 20.249 GC heap after
{Heap after GC invocations=13 (full 0):
 garbage-first heap   total 122880K, used 69159K [0x000000070c000000, 0x0000000800000000)
  region size 2048K, 2 young (4096K), 2 survivors (4096K)
 Metaspace       used 38827K, capacity 39108K, committed 39808K, reserved 1083392K
  class space    used 5058K, capacity 5174K, committed 5248K, reserved 1048576K
}
Event: 20.718 GC heap before
{Heap before GC invocations=13 (full 0):
 garbage-first heap   total 122880K, used 89639K [0x000000070c000000, 0x0000000800000000)
  region size 2048K, 13 young (26624K), 2 survivors (4096K)
 Metaspace       used 39255K, capacity 39556K, committed 40192K, reserved 1083392K
  class space    used 5203K, capacity 5302K, committed 5376K, reserved 1048576K
}
Event: 20.725 GC heap after
{Heap after GC invocations=14 (full 0):
 garbage-first heap   total 122880K, used 75475K [0x000000070c000000, 0x0000000800000000)
  region size 2048K, 2 young (4096K), 2 survivors (4096K)
 Metaspace       used 39255K, capacity 39556K, committed 40192K, reserved 1083392K
  class space    used 5203K, capacity 5302K, committed 5376K, reserved 1048576K
}
Event: 21.157 GC heap before
{Heap before GC invocations=15 (full 0):
 garbage-first heap   total 133120K, used 93907K [0x000000070c000000, 0x0000000800000000)
  region size 2048K, 11 young (22528K), 2 survivors (4096K)
 Metaspace       used 39558K, capacity 39940K, committed 40576K, reserved 1085440K
  class space    used 5312K, capacity 5430K, committed 5504K, reserved 1048576K
}
Event: 21.162 GC heap after
{Heap after GC invocations=16 (full 0):
 garbage-first heap   total 133120K, used 80905K [0x000000070c000000, 0x0000000800000000)
  region size 2048K, 2 young (4096K), 2 survivors (4096K)
 Metaspace       used 39558K, capacity 39940K, committed 40576K, reserved 1085440K
  class space    used 5312K, capacity 5430K, committed 5504K, reserved 1048576K
}
Event: 21.669 GC heap before
{Heap before GC invocations=16 (full 0):
 garbage-first heap   total 133120K, used 89097K [0x000000070c000000, 0x0000000800000000)
  region size 2048K, 7 young (14336K), 2 survivors (4096K)
 Metaspace       used 40073K, capacity 40356K, committed 40832K, reserved 1085440K
  class space    used 5362K, capacity 5462K, committed 5504K, reserved 1048576K
}
Event: 21.671 GC heap after
{Heap after GC invocations=17 (full 0):
 garbage-first heap   total 133120K, used 84449K [0x000000070c000000, 0x0000000800000000)
  region size 2048K, 2 young (4096K), 2 survivors (4096K)
 Metaspace       used 40073K, capacity 40356K, committed 40832K, reserved 1085440K
  class space    used 5362K, capacity 5462K, committed 5504K, reserved 1048576K
}
Event: 31.715 GC heap before
{Heap before GC invocations=18 (full 0):
 garbage-first heap   total 174080K, used 113121K [0x000000070c000000, 0x0000000800000000)
  region size 2048K, 11 young (22528K), 2 survivors (4096K)
 Metaspace       used 41666K, capacity 41962K, committed 42496K, reserved 1085440K
  class space    used 5486K, capacity 5591K, committed 5632K, reserved 1048576K
}
Event: 31.717 GC heap after
{Heap after GC invocations=19 (full 0):
 garbage-first heap   total 174080K, used 95087K [0x000000070c000000, 0x0000000800000000)
  region size 2048K, 1 young (2048K), 1 survivors (2048K)
 Metaspace       used 41666K, capacity 41962K, committed 42496K, reserved 1085440K
  class space    used 5486K, capacity 5591K, committed 5632K, reserved 1048576K
}
Event: 37.405 GC heap before
{Heap before GC invocations=19 (full 0):
 garbage-first heap   total 174080K, used 105327K [0x000000070c000000, 0x0000000800000000)
  region size 2048K, 8 young (16384K), 1 survivors (2048K)
 Metaspace       used 42170K, capacity 42443K, committed 43008K, reserved 1087488K
  class space    used 5526K, capacity 5623K, committed 5632K, reserved 1048576K
}
Event: 37.408 GC heap after
{Heap after GC invocations=20 (full 0):
 garbage-first heap   total 174080K, used 96842K [0x000000070c000000, 0x0000000800000000)
  region size 2048K, 2 young (4096K), 2 survivors (4096K)
 Metaspace       used 42170K, capacity 42443K, committed 43008K, reserved 1087488K
  class space    used 5526K, capacity 5623K, committed 5632K, reserved 1048576K
}
Event: 57.248 GC heap before
{Heap before GC invocations=21 (full 0):
 garbage-first heap   total 174080K, used 119370K [0x000000070c000000, 0x0000000800000000)
  region size 2048K, 13 young (26624K), 2 survivors (4096K)
 Metaspace       used 42691K, capacity 43019K, committed 43648K, reserved 1087488K
  class space    used 5578K, capacity 5687K, committed 5760K, reserved 1048576K
}
Event: 57.254 GC heap after
{Heap after GC invocations=22 (full 0):
 garbage-first heap   total 174080K, used 99915K [0x000000070c000000, 0x0000000800000000)
  region size 2048K, 3 young (6144K), 3 survivors (6144K)
 Metaspace       used 42691K, capacity 43019K, committed 43648K, reserved 1087488K
  class space    used 5578K, capacity 5687K, committed 5760K, reserved 1048576K
}

